<?xml version="1.0" encoding="UTF-8"?>
<!-- Generated by org.testng.reporters.JUnitReportReporter -->
<testsuite hostname="DESKTOP-2BTOE40" failures="0" tests="3" name="files.DynamicJson" time="5.581" errors="0" timestamp="2022-09-09T15:10:52 EET" skipped="0">
  <testcase classname="files.DynamicJson" name="addBook" time="0.908"/>
  <system-out/>
  <testcase classname="files.DynamicJson" name="addBook" time="3.756"/>
  <system-out/>
  <testcase classname="files.DynamicJson" name="addBook" time="0.917"/>
  <system-out/>
</testsuite> <!-- files.DynamicJson -->
